<?xml version="1.0" encoding="UTF-8"?>
<testng-results skipped="0" failed="0" ignored="0" total="1" passed="1">
  <reporter-output>
  </reporter-output>
  <suite name="Default suite" duration-ms="1359" started-at="2019-08-25T11:22:28 IST" finished-at="2019-08-25T11:22:29 IST">
    <groups>
    </groups>
    <test name="Default test" duration-ms="1359" started-at="2019-08-25T11:22:28 IST" finished-at="2019-08-25T11:22:29 IST">
      <class name="restFramework.tokenCreationTest">
        <test-method status="PASS" signature="tokenCreationTestMethod()[pri:0, instance:restFramework.tokenCreationTest@6c3708b3]" name="tokenCreationTestMethod" duration-ms="1329" started-at="2019-08-25T11:22:28 IST" finished-at="2019-08-25T11:22:29 IST">
          <reporter-output>
          </reporter-output>
        </test-method> <!-- tokenCreationTestMethod -->
      </class> <!-- restFramework.tokenCreationTest -->
    </test> <!-- Default test -->
  </suite> <!-- Default suite -->
</testng-results>
